Start testing: Dec 20 18:38 +07
----------------------------------------------------------
1/21 Testing: PowNTestSuite.NormalCases
1/21 Test: PowNTestSuite.NormalCases
Command: "/home/bargomix/Documents/secondcourse/OOP/seminar3/hw03/build/tests/tests" "--gtest_filter=PowNTestSuite.NormalCases" "--gtest_also_run_disabled_tests"
Directory: /home/bargomix/Documents/secondcourse/OOP/seminar3/hw03/build/tests
"PowNTestSuite.NormalCases" start time: Dec 20 18:38 +07
Output:
----------------------------------------------------------
Note: Google Test filter = PowNTestSuite.NormalCases
[==========] Running 1 test from 1 test suite.
[----------] Global test environment set-up.
[----------] 1 test from PowNTestSuite
[ RUN      ] PowNTestSuite.NormalCases
[       OK ] PowNTestSuite.NormalCases (0 ms)
[----------] 1 test from PowNTestSuite (0 ms total)

[----------] Global test environment tear-down
[==========] 1 test from 1 test suite ran. (0 ms total)
[  PASSED  ] 1 test.
<end of output>
Test time =   0.01 sec
----------------------------------------------------------
Test Passed.
"PowNTestSuite.NormalCases" end time: Dec 20 18:38 +07
"PowNTestSuite.NormalCases" time elapsed: 00:00:00
----------------------------------------------------------

2/21 Testing: PowNTestSuite.EdgePowerZeroAndBig
2/21 Test: PowNTestSuite.EdgePowerZeroAndBig
Command: "/home/bargomix/Documents/secondcourse/OOP/seminar3/hw03/build/tests/tests" "--gtest_filter=PowNTestSuite.EdgePowerZeroAndBig" "--gtest_also_run_disabled_tests"
Directory: /home/bargomix/Documents/secondcourse/OOP/seminar3/hw03/build/tests
"PowNTestSuite.EdgePowerZeroAndBig" start time: Dec 20 18:38 +07
Output:
----------------------------------------------------------
Note: Google Test filter = PowNTestSuite.EdgePowerZeroAndBig
[==========] Running 1 test from 1 test suite.
[----------] Global test environment set-up.
[----------] 1 test from PowNTestSuite
[ RUN      ] PowNTestSuite.EdgePowerZeroAndBig
[       OK ] PowNTestSuite.EdgePowerZeroAndBig (0 ms)
[----------] 1 test from PowNTestSuite (0 ms total)

[----------] Global test environment tear-down
[==========] 1 test from 1 test suite ran. (0 ms total)
[  PASSED  ] 1 test.
<end of output>
Test time =   0.01 sec
----------------------------------------------------------
Test Passed.
"PowNTestSuite.EdgePowerZeroAndBig" end time: Dec 20 18:38 +07
"PowNTestSuite.EdgePowerZeroAndBig" time elapsed: 00:00:00
----------------------------------------------------------

3/21 Testing: PowNTestSuite.NegativeBaseEvenPower
3/21 Test: PowNTestSuite.NegativeBaseEvenPower
Command: "/home/bargomix/Documents/secondcourse/OOP/seminar3/hw03/build/tests/tests" "--gtest_filter=PowNTestSuite.NegativeBaseEvenPower" "--gtest_also_run_disabled_tests"
Directory: /home/bargomix/Documents/secondcourse/OOP/seminar3/hw03/build/tests
"PowNTestSuite.NegativeBaseEvenPower" start time: Dec 20 18:38 +07
Output:
----------------------------------------------------------
Note: Google Test filter = PowNTestSuite.NegativeBaseEvenPower
[==========] Running 1 test from 1 test suite.
[----------] Global test environment set-up.
[----------] 1 test from PowNTestSuite
[ RUN      ] PowNTestSuite.NegativeBaseEvenPower
[       OK ] PowNTestSuite.NegativeBaseEvenPower (0 ms)
[----------] 1 test from PowNTestSuite (0 ms total)

[----------] Global test environment tear-down
[==========] 1 test from 1 test suite ran. (0 ms total)
[  PASSED  ] 1 test.
<end of output>
Test time =   0.00 sec
----------------------------------------------------------
Test Passed.
"PowNTestSuite.NegativeBaseEvenPower" end time: Dec 20 18:38 +07
"PowNTestSuite.NegativeBaseEvenPower" time elapsed: 00:00:00
----------------------------------------------------------

4/21 Testing: PowNTestSuite.NegativeBaseOddPower
4/21 Test: PowNTestSuite.NegativeBaseOddPower
Command: "/home/bargomix/Documents/secondcourse/OOP/seminar3/hw03/build/tests/tests" "--gtest_filter=PowNTestSuite.NegativeBaseOddPower" "--gtest_also_run_disabled_tests"
Directory: /home/bargomix/Documents/secondcourse/OOP/seminar3/hw03/build/tests
"PowNTestSuite.NegativeBaseOddPower" start time: Dec 20 18:38 +07
Output:
----------------------------------------------------------
Note: Google Test filter = PowNTestSuite.NegativeBaseOddPower
[==========] Running 1 test from 1 test suite.
[----------] Global test environment set-up.
[----------] 1 test from PowNTestSuite
[ RUN      ] PowNTestSuite.NegativeBaseOddPower
[       OK ] PowNTestSuite.NegativeBaseOddPower (0 ms)
[----------] 1 test from PowNTestSuite (0 ms total)

[----------] Global test environment tear-down
[==========] 1 test from 1 test suite ran. (0 ms total)
[  PASSED  ] 1 test.
<end of output>
Test time =   0.01 sec
----------------------------------------------------------
Test Passed.
"PowNTestSuite.NegativeBaseOddPower" end time: Dec 20 18:38 +07
"PowNTestSuite.NegativeBaseOddPower" time elapsed: 00:00:00
----------------------------------------------------------

5/21 Testing: PowNTestSuite.DefaultPowerTwo
5/21 Test: PowNTestSuite.DefaultPowerTwo
Command: "/home/bargomix/Documents/secondcourse/OOP/seminar3/hw03/build/tests/tests" "--gtest_filter=PowNTestSuite.DefaultPowerTwo" "--gtest_also_run_disabled_tests"
Directory: /home/bargomix/Documents/secondcourse/OOP/seminar3/hw03/build/tests
"PowNTestSuite.DefaultPowerTwo" start time: Dec 20 18:38 +07
Output:
----------------------------------------------------------
Note: Google Test filter = PowNTestSuite.DefaultPowerTwo
[==========] Running 1 test from 1 test suite.
[----------] Global test environment set-up.
[----------] 1 test from PowNTestSuite
[ RUN      ] PowNTestSuite.DefaultPowerTwo
[       OK ] PowNTestSuite.DefaultPowerTwo (0 ms)
[----------] 1 test from PowNTestSuite (0 ms total)

[----------] Global test environment tear-down
[==========] 1 test from 1 test suite ran. (0 ms total)
[  PASSED  ] 1 test.
<end of output>
Test time =   0.00 sec
----------------------------------------------------------
Test Passed.
"PowNTestSuite.DefaultPowerTwo" end time: Dec 20 18:38 +07
"PowNTestSuite.DefaultPowerTwo" time elapsed: 00:00:00
----------------------------------------------------------

6/21 Testing: ShuffleTestSuite.SimplePermutation
6/21 Test: ShuffleTestSuite.SimplePermutation
Command: "/home/bargomix/Documents/secondcourse/OOP/seminar3/hw03/build/tests/tests" "--gtest_filter=ShuffleTestSuite.SimplePermutation" "--gtest_also_run_disabled_tests"
Directory: /home/bargomix/Documents/secondcourse/OOP/seminar3/hw03/build/tests
"ShuffleTestSuite.SimplePermutation" start time: Dec 20 18:38 +07
Output:
----------------------------------------------------------
Note: Google Test filter = ShuffleTestSuite.SimplePermutation
[==========] Running 1 test from 1 test suite.
[----------] Global test environment set-up.
[----------] 1 test from ShuffleTestSuite
[ RUN      ] ShuffleTestSuite.SimplePermutation
[       OK ] ShuffleTestSuite.SimplePermutation (0 ms)
[----------] 1 test from ShuffleTestSuite (0 ms total)

[----------] Global test environment tear-down
[==========] 1 test from 1 test suite ran. (0 ms total)
[  PASSED  ] 1 test.
<end of output>
Test time =   0.01 sec
----------------------------------------------------------
Test Passed.
"ShuffleTestSuite.SimplePermutation" end time: Dec 20 18:38 +07
"ShuffleTestSuite.SimplePermutation" time elapsed: 00:00:00
----------------------------------------------------------

7/21 Testing: ShuffleTestSuite.DuplicateIndices
7/21 Test: ShuffleTestSuite.DuplicateIndices
Command: "/home/bargomix/Documents/secondcourse/OOP/seminar3/hw03/build/tests/tests" "--gtest_filter=ShuffleTestSuite.DuplicateIndices" "--gtest_also_run_disabled_tests"
Directory: /home/bargomix/Documents/secondcourse/OOP/seminar3/hw03/build/tests
"ShuffleTestSuite.DuplicateIndices" start time: Dec 20 18:38 +07
Output:
----------------------------------------------------------
Note: Google Test filter = ShuffleTestSuite.DuplicateIndices
[==========] Running 1 test from 1 test suite.
[----------] Global test environment set-up.
[----------] 1 test from ShuffleTestSuite
[ RUN      ] ShuffleTestSuite.DuplicateIndices
[       OK ] ShuffleTestSuite.DuplicateIndices (0 ms)
[----------] 1 test from ShuffleTestSuite (0 ms total)

[----------] Global test environment tear-down
[==========] 1 test from 1 test suite ran. (0 ms total)
[  PASSED  ] 1 test.
<end of output>
Test time =   0.01 sec
----------------------------------------------------------
Test Passed.
"ShuffleTestSuite.DuplicateIndices" end time: Dec 20 18:38 +07
"ShuffleTestSuite.DuplicateIndices" time elapsed: 00:00:00
----------------------------------------------------------

8/21 Testing: ShuffleTestSuite.IndexOutOfBoundsHigh
8/21 Test: ShuffleTestSuite.IndexOutOfBoundsHigh
Command: "/home/bargomix/Documents/secondcourse/OOP/seminar3/hw03/build/tests/tests" "--gtest_filter=ShuffleTestSuite.IndexOutOfBoundsHigh" "--gtest_also_run_disabled_tests"
Directory: /home/bargomix/Documents/secondcourse/OOP/seminar3/hw03/build/tests
"ShuffleTestSuite.IndexOutOfBoundsHigh" start time: Dec 20 18:38 +07
Output:
----------------------------------------------------------
Note: Google Test filter = ShuffleTestSuite.IndexOutOfBoundsHigh
[==========] Running 1 test from 1 test suite.
[----------] Global test environment set-up.
[----------] 1 test from ShuffleTestSuite
[ RUN      ] ShuffleTestSuite.IndexOutOfBoundsHigh
[       OK ] ShuffleTestSuite.IndexOutOfBoundsHigh (0 ms)
[----------] 1 test from ShuffleTestSuite (0 ms total)

[----------] Global test environment tear-down
[==========] 1 test from 1 test suite ran. (0 ms total)
[  PASSED  ] 1 test.
<end of output>
Test time =   0.01 sec
----------------------------------------------------------
Test Passed.
"ShuffleTestSuite.IndexOutOfBoundsHigh" end time: Dec 20 18:38 +07
"ShuffleTestSuite.IndexOutOfBoundsHigh" time elapsed: 00:00:00
----------------------------------------------------------

9/21 Testing: ShuffleTestSuite.NegativeIndex
9/21 Test: ShuffleTestSuite.NegativeIndex
Command: "/home/bargomix/Documents/secondcourse/OOP/seminar3/hw03/build/tests/tests" "--gtest_filter=ShuffleTestSuite.NegativeIndex" "--gtest_also_run_disabled_tests"
Directory: /home/bargomix/Documents/secondcourse/OOP/seminar3/hw03/build/tests
"ShuffleTestSuite.NegativeIndex" start time: Dec 20 18:38 +07
Output:
----------------------------------------------------------
Note: Google Test filter = ShuffleTestSuite.NegativeIndex
[==========] Running 1 test from 1 test suite.
[----------] Global test environment set-up.
[----------] 1 test from ShuffleTestSuite
[ RUN      ] ShuffleTestSuite.NegativeIndex
[       OK ] ShuffleTestSuite.NegativeIndex (0 ms)
[----------] 1 test from ShuffleTestSuite (0 ms total)

[----------] Global test environment tear-down
[==========] 1 test from 1 test suite ran. (0 ms total)
[  PASSED  ] 1 test.
<end of output>
Test time =   0.00 sec
----------------------------------------------------------
Test Passed.
"ShuffleTestSuite.NegativeIndex" end time: Dec 20 18:38 +07
"ShuffleTestSuite.NegativeIndex" time elapsed: 00:00:00
----------------------------------------------------------

10/21 Testing: ShuffleTestSuite.WrongIndexVectorSize
10/21 Test: ShuffleTestSuite.WrongIndexVectorSize
Command: "/home/bargomix/Documents/secondcourse/OOP/seminar3/hw03/build/tests/tests" "--gtest_filter=ShuffleTestSuite.WrongIndexVectorSize" "--gtest_also_run_disabled_tests"
Directory: /home/bargomix/Documents/secondcourse/OOP/seminar3/hw03/build/tests
"ShuffleTestSuite.WrongIndexVectorSize" start time: Dec 20 18:38 +07
Output:
----------------------------------------------------------
Note: Google Test filter = ShuffleTestSuite.WrongIndexVectorSize
[==========] Running 1 test from 1 test suite.
[----------] Global test environment set-up.
[----------] 1 test from ShuffleTestSuite
[ RUN      ] ShuffleTestSuite.WrongIndexVectorSize
[       OK ] ShuffleTestSuite.WrongIndexVectorSize (0 ms)
[----------] 1 test from ShuffleTestSuite (0 ms total)

[----------] Global test environment tear-down
[==========] 1 test from 1 test suite ran. (0 ms total)
[  PASSED  ] 1 test.
<end of output>
Test time =   0.00 sec
----------------------------------------------------------
Test Passed.
"ShuffleTestSuite.WrongIndexVectorSize" end time: Dec 20 18:38 +07
"ShuffleTestSuite.WrongIndexVectorSize" time elapsed: 00:00:00
----------------------------------------------------------

11/21 Testing: ShuffleTestSuite.IdentityPermutation
11/21 Test: ShuffleTestSuite.IdentityPermutation
Command: "/home/bargomix/Documents/secondcourse/OOP/seminar3/hw03/build/tests/tests" "--gtest_filter=ShuffleTestSuite.IdentityPermutation" "--gtest_also_run_disabled_tests"
Directory: /home/bargomix/Documents/secondcourse/OOP/seminar3/hw03/build/tests
"ShuffleTestSuite.IdentityPermutation" start time: Dec 20 18:38 +07
Output:
----------------------------------------------------------
Note: Google Test filter = ShuffleTestSuite.IdentityPermutation
[==========] Running 1 test from 1 test suite.
[----------] Global test environment set-up.
[----------] 1 test from ShuffleTestSuite
[ RUN      ] ShuffleTestSuite.IdentityPermutation
[       OK ] ShuffleTestSuite.IdentityPermutation (0 ms)
[----------] 1 test from ShuffleTestSuite (0 ms total)

[----------] Global test environment tear-down
[==========] 1 test from 1 test suite ran. (0 ms total)
[  PASSED  ] 1 test.
<end of output>
Test time =   0.00 sec
----------------------------------------------------------
Test Passed.
"ShuffleTestSuite.IdentityPermutation" end time: Dec 20 18:38 +07
"ShuffleTestSuite.IdentityPermutation" time elapsed: 00:00:00
----------------------------------------------------------

12/21 Testing: ShuffleTestSuite.EmptyString
12/21 Test: ShuffleTestSuite.EmptyString
Command: "/home/bargomix/Documents/secondcourse/OOP/seminar3/hw03/build/tests/tests" "--gtest_filter=ShuffleTestSuite.EmptyString" "--gtest_also_run_disabled_tests"
Directory: /home/bargomix/Documents/secondcourse/OOP/seminar3/hw03/build/tests
"ShuffleTestSuite.EmptyString" start time: Dec 20 18:38 +07
Output:
----------------------------------------------------------
Note: Google Test filter = ShuffleTestSuite.EmptyString
[==========] Running 1 test from 1 test suite.
[----------] Global test environment set-up.
[----------] 1 test from ShuffleTestSuite
[ RUN      ] ShuffleTestSuite.EmptyString
[       OK ] ShuffleTestSuite.EmptyString (0 ms)
[----------] 1 test from ShuffleTestSuite (0 ms total)

[----------] Global test environment tear-down
[==========] 1 test from 1 test suite ran. (0 ms total)
[  PASSED  ] 1 test.
<end of output>
Test time =   0.01 sec
----------------------------------------------------------
Test Passed.
"ShuffleTestSuite.EmptyString" end time: Dec 20 18:38 +07
"ShuffleTestSuite.EmptyString" time elapsed: 00:00:00
----------------------------------------------------------

13/21 Testing: PvTestSuite.NonEmptyVectors
13/21 Test: PvTestSuite.NonEmptyVectors
Command: "/home/bargomix/Documents/secondcourse/OOP/seminar3/hw03/build/tests/tests" "--gtest_filter=PvTestSuite.NonEmptyVectors" "--gtest_also_run_disabled_tests"
Directory: /home/bargomix/Documents/secondcourse/OOP/seminar3/hw03/build/tests
"PvTestSuite.NonEmptyVectors" start time: Dec 20 18:38 +07
Output:
----------------------------------------------------------
Note: Google Test filter = PvTestSuite.NonEmptyVectors
[==========] Running 1 test from 1 test suite.
[----------] Global test environment set-up.
[----------] 1 test from PvTestSuite
[ RUN      ] PvTestSuite.NonEmptyVectors
1 2 3 
a b c 
[       OK ] PvTestSuite.NonEmptyVectors (0 ms)
[----------] 1 test from PvTestSuite (0 ms total)

[----------] Global test environment tear-down
[==========] 1 test from 1 test suite ran. (0 ms total)
[  PASSED  ] 1 test.
<end of output>
Test time =   0.01 sec
----------------------------------------------------------
Test Passed.
"PvTestSuite.NonEmptyVectors" end time: Dec 20 18:38 +07
"PvTestSuite.NonEmptyVectors" time elapsed: 00:00:00
----------------------------------------------------------

14/21 Testing: PvTestSuite.EmptyVectors
14/21 Test: PvTestSuite.EmptyVectors
Command: "/home/bargomix/Documents/secondcourse/OOP/seminar3/hw03/build/tests/tests" "--gtest_filter=PvTestSuite.EmptyVectors" "--gtest_also_run_disabled_tests"
Directory: /home/bargomix/Documents/secondcourse/OOP/seminar3/hw03/build/tests
"PvTestSuite.EmptyVectors" start time: Dec 20 18:38 +07
Output:
----------------------------------------------------------
Note: Google Test filter = PvTestSuite.EmptyVectors
[==========] Running 1 test from 1 test suite.
[----------] Global test environment set-up.
[----------] 1 test from PvTestSuite
[ RUN      ] PvTestSuite.EmptyVectors


[       OK ] PvTestSuite.EmptyVectors (0 ms)
[----------] 1 test from PvTestSuite (0 ms total)

[----------] Global test environment tear-down
[==========] 1 test from 1 test suite ran. (0 ms total)
[  PASSED  ] 1 test.
<end of output>
Test time =   0.01 sec
----------------------------------------------------------
Test Passed.
"PvTestSuite.EmptyVectors" end time: Dec 20 18:38 +07
"PvTestSuite.EmptyVectors" time elapsed: 00:00:00
----------------------------------------------------------

15/21 Testing: PvTestSuite.LargeVector
15/21 Test: PvTestSuite.LargeVector
Command: "/home/bargomix/Documents/secondcourse/OOP/seminar3/hw03/build/tests/tests" "--gtest_filter=PvTestSuite.LargeVector" "--gtest_also_run_disabled_tests"
Directory: /home/bargomix/Documents/secondcourse/OOP/seminar3/hw03/build/tests
"PvTestSuite.LargeVector" start time: Dec 20 18:38 +07
Output:
----------------------------------------------------------
Note: Google Test filter = PvTestSuite.LargeVector
[==========] Running 1 test from 1 test suite.
[----------] Global test environment set-up.
[----------] 1 test from PvTestSuite
[ RUN      ] PvTestSuite.LargeVector
0 1 2 3 4 5 6 7 8 9 10 11 12 13 14 15 16 17 18 19 20 21 22 23 24 25 26 27 28 29 30 31 32 33 34 35 36 37 38 39 40 41 42 43 44 45 46 47 48 49 50 51 52 53 54 55 56 57 58 59 60 61 62 63 64 65 66 67 68 69 70 71 72 73 74 75 76 77 78 79 80 81 82 83 84 85 86 87 88 89 90 91 92 93 94 95 96 97 98 99 
[       OK ] PvTestSuite.LargeVector (0 ms)
[----------] 1 test from PvTestSuite (0 ms total)

[----------] Global test environment tear-down
[==========] 1 test from 1 test suite ran. (0 ms total)
[  PASSED  ] 1 test.
<end of output>
Test time =   0.01 sec
----------------------------------------------------------
Test Passed.
"PvTestSuite.LargeVector" end time: Dec 20 18:38 +07
"PvTestSuite.LargeVector" time elapsed: 00:00:00
----------------------------------------------------------

16/21 Testing: OpsTestSuite.BasicIntOperations
16/21 Test: OpsTestSuite.BasicIntOperations
Command: "/home/bargomix/Documents/secondcourse/OOP/seminar3/hw03/build/tests/tests" "--gtest_filter=OpsTestSuite.BasicIntOperations" "--gtest_also_run_disabled_tests"
Directory: /home/bargomix/Documents/secondcourse/OOP/seminar3/hw03/build/tests
"OpsTestSuite.BasicIntOperations" start time: Dec 20 18:38 +07
Output:
----------------------------------------------------------
Note: Google Test filter = OpsTestSuite.BasicIntOperations
[==========] Running 1 test from 1 test suite.
[----------] Global test environment set-up.
[----------] 1 test from OpsTestSuite
[ RUN      ] OpsTestSuite.BasicIntOperations
[       OK ] OpsTestSuite.BasicIntOperations (0 ms)
[----------] 1 test from OpsTestSuite (0 ms total)

[----------] Global test environment tear-down
[==========] 1 test from 1 test suite ran. (0 ms total)
[  PASSED  ] 1 test.
<end of output>
Test time =   0.01 sec
----------------------------------------------------------
Test Passed.
"OpsTestSuite.BasicIntOperations" end time: Dec 20 18:38 +07
"OpsTestSuite.BasicIntOperations" time elapsed: 00:00:00
----------------------------------------------------------

17/21 Testing: OpsTestSuite.DivideByZero
17/21 Test: OpsTestSuite.DivideByZero
Command: "/home/bargomix/Documents/secondcourse/OOP/seminar3/hw03/build/tests/tests" "--gtest_filter=OpsTestSuite.DivideByZero" "--gtest_also_run_disabled_tests"
Directory: /home/bargomix/Documents/secondcourse/OOP/seminar3/hw03/build/tests
"OpsTestSuite.DivideByZero" start time: Dec 20 18:38 +07
Output:
----------------------------------------------------------
Note: Google Test filter = OpsTestSuite.DivideByZero
[==========] Running 1 test from 1 test suite.
[----------] Global test environment set-up.
[----------] 1 test from OpsTestSuite
[ RUN      ] OpsTestSuite.DivideByZero
[       OK ] OpsTestSuite.DivideByZero (0 ms)
[----------] 1 test from OpsTestSuite (0 ms total)

[----------] Global test environment tear-down
[==========] 1 test from 1 test suite ran. (0 ms total)
[  PASSED  ] 1 test.
<end of output>
Test time =   0.01 sec
----------------------------------------------------------
Test Passed.
"OpsTestSuite.DivideByZero" end time: Dec 20 18:38 +07
"OpsTestSuite.DivideByZero" time elapsed: 00:00:00
----------------------------------------------------------

18/21 Testing: OpsTestSuite.ApplyOpWithLibraryOps
18/21 Test: OpsTestSuite.ApplyOpWithLibraryOps
Command: "/home/bargomix/Documents/secondcourse/OOP/seminar3/hw03/build/tests/tests" "--gtest_filter=OpsTestSuite.ApplyOpWithLibraryOps" "--gtest_also_run_disabled_tests"
Directory: /home/bargomix/Documents/secondcourse/OOP/seminar3/hw03/build/tests
"OpsTestSuite.ApplyOpWithLibraryOps" start time: Dec 20 18:38 +07
Output:
----------------------------------------------------------
Note: Google Test filter = OpsTestSuite.ApplyOpWithLibraryOps
[==========] Running 1 test from 1 test suite.
[----------] Global test environment set-up.
[----------] 1 test from OpsTestSuite
[ RUN      ] OpsTestSuite.ApplyOpWithLibraryOps
[       OK ] OpsTestSuite.ApplyOpWithLibraryOps (0 ms)
[----------] 1 test from OpsTestSuite (0 ms total)

[----------] Global test environment tear-down
[==========] 1 test from 1 test suite ran. (0 ms total)
[  PASSED  ] 1 test.
<end of output>
Test time =   0.01 sec
----------------------------------------------------------
Test Passed.
"OpsTestSuite.ApplyOpWithLibraryOps" end time: Dec 20 18:38 +07
"OpsTestSuite.ApplyOpWithLibraryOps" time elapsed: 00:00:00
----------------------------------------------------------

19/21 Testing: OpsTestSuite.BasicDoubleOperations
19/21 Test: OpsTestSuite.BasicDoubleOperations
Command: "/home/bargomix/Documents/secondcourse/OOP/seminar3/hw03/build/tests/tests" "--gtest_filter=OpsTestSuite.BasicDoubleOperations" "--gtest_also_run_disabled_tests"
Directory: /home/bargomix/Documents/secondcourse/OOP/seminar3/hw03/build/tests
"OpsTestSuite.BasicDoubleOperations" start time: Dec 20 18:38 +07
Output:
----------------------------------------------------------
Note: Google Test filter = OpsTestSuite.BasicDoubleOperations
[==========] Running 1 test from 1 test suite.
[----------] Global test environment set-up.
[----------] 1 test from OpsTestSuite
[ RUN      ] OpsTestSuite.BasicDoubleOperations
[       OK ] OpsTestSuite.BasicDoubleOperations (0 ms)
[----------] 1 test from OpsTestSuite (0 ms total)

[----------] Global test environment tear-down
[==========] 1 test from 1 test suite ran. (0 ms total)
[  PASSED  ] 1 test.
<end of output>
Test time =   0.01 sec
----------------------------------------------------------
Test Passed.
"OpsTestSuite.BasicDoubleOperations" end time: Dec 20 18:38 +07
"OpsTestSuite.BasicDoubleOperations" time elapsed: 00:00:00
----------------------------------------------------------

20/21 Testing: OpsTestSuite.DivideNegativeNumbers
20/21 Test: OpsTestSuite.DivideNegativeNumbers
Command: "/home/bargomix/Documents/secondcourse/OOP/seminar3/hw03/build/tests/tests" "--gtest_filter=OpsTestSuite.DivideNegativeNumbers" "--gtest_also_run_disabled_tests"
Directory: /home/bargomix/Documents/secondcourse/OOP/seminar3/hw03/build/tests
"OpsTestSuite.DivideNegativeNumbers" start time: Dec 20 18:38 +07
Output:
----------------------------------------------------------
Note: Google Test filter = OpsTestSuite.DivideNegativeNumbers
[==========] Running 1 test from 1 test suite.
[----------] Global test environment set-up.
[----------] 1 test from OpsTestSuite
[ RUN      ] OpsTestSuite.DivideNegativeNumbers
[       OK ] OpsTestSuite.DivideNegativeNumbers (0 ms)
[----------] 1 test from OpsTestSuite (0 ms total)

[----------] Global test environment tear-down
[==========] 1 test from 1 test suite ran. (0 ms total)
[  PASSED  ] 1 test.
<end of output>
Test time =   0.01 sec
----------------------------------------------------------
Test Passed.
"OpsTestSuite.DivideNegativeNumbers" end time: Dec 20 18:38 +07
"OpsTestSuite.DivideNegativeNumbers" time elapsed: 00:00:00
----------------------------------------------------------

21/21 Testing: OpsTestSuite.ApplyOpWithLambda
21/21 Test: OpsTestSuite.ApplyOpWithLambda
Command: "/home/bargomix/Documents/secondcourse/OOP/seminar3/hw03/build/tests/tests" "--gtest_filter=OpsTestSuite.ApplyOpWithLambda" "--gtest_also_run_disabled_tests"
Directory: /home/bargomix/Documents/secondcourse/OOP/seminar3/hw03/build/tests
"OpsTestSuite.ApplyOpWithLambda" start time: Dec 20 18:38 +07
Output:
----------------------------------------------------------
Note: Google Test filter = OpsTestSuite.ApplyOpWithLambda
[==========] Running 1 test from 1 test suite.
[----------] Global test environment set-up.
[----------] 1 test from OpsTestSuite
[ RUN      ] OpsTestSuite.ApplyOpWithLambda
[       OK ] OpsTestSuite.ApplyOpWithLambda (0 ms)
[----------] 1 test from OpsTestSuite (0 ms total)

[----------] Global test environment tear-down
[==========] 1 test from 1 test suite ran. (0 ms total)
[  PASSED  ] 1 test.
<end of output>
Test time =   0.00 sec
----------------------------------------------------------
Test Passed.
"OpsTestSuite.ApplyOpWithLambda" end time: Dec 20 18:38 +07
"OpsTestSuite.ApplyOpWithLambda" time elapsed: 00:00:00
----------------------------------------------------------

End testing: Dec 20 18:38 +07
